TN:
SF:src\app.js
FN:6,nameIsValid
FN:14,fullTrim
FN:30,getTotal
FNF:3
FNH:3
FNDA:2,nameIsValid
FNDA:5,fullTrim
FNDA:7,getTotal
DA:1,1
DA:2,1
DA:3,1
DA:4,1
DA:5,1
DA:6,1
DA:7,1
DA:8,1
DA:9,1
DA:10,1
DA:11,1
DA:12,1
DA:13,1
DA:14,1
DA:15,1
DA:16,1
DA:17,1
DA:18,1
DA:19,1
DA:20,1
DA:21,1
DA:22,1
DA:23,1
DA:24,1
DA:25,1
DA:26,1
DA:27,1
DA:28,1
DA:29,1
DA:30,1
DA:31,7
DA:32,1
DA:33,1
DA:34,7
DA:35,3
DA:36,3
DA:37,3
DA:38,3
DA:39,3
DA:40,3
LF:40
LH:40
BRDA:6,0,0,2
BRDA:6,1,0,1
BRDA:14,2,0,5
BRDA:14,3,0,0
BRDA:30,4,0,7
BRDA:31,5,0,1
BRDA:33,6,0,6
BRDA:34,7,0,5
BRDA:34,8,0,3
BRDA:38,9,0,3
BRF:10
BRH:9
end_of_record
