TN:
SF:framework\config\configReqResApi.js
FNF:0
FNH:0
DA:1,1
DA:2,1
DA:3,1
DA:4,1
DA:5,1
DA:6,1
DA:7,1
DA:8,1
DA:9,1
DA:10,1
DA:11,1
DA:12,1
DA:13,1
LF:13
LH:13
BRF:0
BRH:0
end_of_record
TN:
SF:framework\services\apiReqResService.js
FN:6,validateStatus
FN:11,validateStatus
FN:14,userCreate
FN:28,userRegistry
FN:44,itemCreate
FN:58,itemGet
FN:69,itemDelete
FNF:7
FNH:6
FNDA:3,validateStatus
FNDA:9,validateStatus
FNDA:0,userCreate
FNDA:3,userRegistry
FNDA:5,itemCreate
FNDA:2,itemGet
FNDA:2,itemDelete
DA:1,1
DA:2,1
DA:3,1
DA:4,1
DA:5,1
DA:6,1
DA:7,1
DA:8,1
DA:9,1
DA:10,1
DA:11,1
DA:12,1
DA:13,1
DA:14,1
DA:15,0
DA:16,0
DA:17,0
DA:18,0
DA:19,0
DA:20,0
DA:21,0
DA:22,0
DA:23,0
DA:24,0
DA:25,0
DA:26,0
DA:27,1
DA:28,1
DA:29,3
DA:30,3
DA:31,3
DA:32,3
DA:33,3
DA:34,3
DA:35,3
DA:36,3
DA:37,3
DA:38,3
DA:39,3
DA:40,3
DA:41,3
DA:42,1
DA:43,1
DA:44,1
DA:45,5
DA:46,5
DA:47,5
DA:48,5
DA:49,5
DA:50,5
DA:51,5
DA:52,5
DA:53,5
DA:54,5
DA:55,5
DA:56,5
DA:57,1
DA:58,1
DA:59,2
DA:60,2
DA:61,2
DA:62,2
DA:63,2
DA:64,2
DA:65,2
DA:66,2
DA:67,2
DA:68,1
DA:69,1
DA:70,2
DA:71,2
DA:72,2
DA:73,2
DA:74,2
DA:75,2
DA:76,2
DA:77,2
DA:78,2
LF:78
LH:66
BRDA:6,0,0,3
BRDA:11,1,0,9
BRDA:28,2,0,3
BRDA:44,3,0,5
BRDA:58,4,0,2
BRDA:69,5,0,2
BRF:6
BRH:6
end_of_record
